Flow report for TopDE
Fri Jun  6 15:45:37 2025
Quartus Prime Version 24.1std.0 Build 1077 03/04/2025 SC Lite Edition


---------------------
; Table of Contents ;
---------------------
  1. Legal Notice
  2. Flow Summary
  3. Flow Settings
  4. Flow Non-Default Global Settings
  5. Flow Elapsed Time
  6. Flow OS Summary
  7. Flow Log
  8. Flow Messages
  9. Flow Suppressed Messages



----------------
; Legal Notice ;
----------------
Copyright (C) 2025  Altera Corporation. All rights reserved.
Your use of Altera Corporation's design tools, logic functions 
and other software and tools, and any partner logic 
functions, and any output files from any of the foregoing 
(including device programming or simulation files), and any 
associated documentation or information are expressly subject 
to the terms and conditions of the Altera Program License 
Subscription Agreement, the Altera Quartus Prime License Agreement,
the Altera IP License Agreement, or other applicable license
agreement, including, without limitation, that your use is for
the sole purpose of programming logic devices manufactured by
Altera and sold by Altera or its authorized distributors.  Please
refer to the Altera Software License Subscription Agreements 
on the Quartus Prime software download page.



+-----------------------------------------------------------------------------------+
; Flow Summary                                                                      ;
+---------------------------------+-------------------------------------------------+
; Flow Status                     ; Successful - Fri Jun  6 15:45:37 2025           ;
; Quartus Prime Version           ; 24.1std.0 Build 1077 03/04/2025 SC Lite Edition ;
; Revision Name                   ; TopDE                                           ;
; Top-level Entity Name           ; TopDE                                           ;
; Family                          ; Cyclone V                                       ;
; Device                          ; 5CGXFC7C7F23C8                                  ;
; Timing Models                   ; Final                                           ;
; Logic utilization (in ALMs)     ; 1,430 / 56,480 ( 3 % )                          ;
; Total registers                 ; 1324                                            ;
; Total pins                      ; 108 / 268 ( 40 % )                              ;
; Total virtual pins              ; 0                                               ;
; Total block memory bits         ; 65,536 / 7,024,640 ( < 1 % )                    ;
; Total DSP Blocks                ; 0 / 156 ( 0 % )                                 ;
; Total HSSI RX PCSs              ; 0 / 6 ( 0 % )                                   ;
; Total HSSI PMA RX Deserializers ; 0 / 6 ( 0 % )                                   ;
; Total HSSI TX PCSs              ; 0 / 6 ( 0 % )                                   ;
; Total HSSI PMA TX Serializers   ; 0 / 6 ( 0 % )                                   ;
; Total PLLs                      ; 0 / 13 ( 0 % )                                  ;
; Total DLLs                      ; 0 / 4 ( 0 % )                                   ;
+---------------------------------+-------------------------------------------------+


+-----------------------------------------+
; Flow Settings                           ;
+-------------------+---------------------+
; Option            ; Setting             ;
+-------------------+---------------------+
; Start date & time ; 06/06/2025 15:09:30 ;
; Main task         ; Compilation         ;
; Revision Name     ; TopDE               ;
+-------------------+---------------------+


+-------------------------------------------------------------------------------------------------------------------------+
; Flow Non-Default Global Settings                                                                                        ;
+-------------------------------------+----------------------------------------+---------------+-------------+------------+
; Assignment Name                     ; Value                                  ; Default Value ; Entity Name ; Section Id ;
+-------------------------------------+----------------------------------------+---------------+-------------+------------+
; COMPILER_SIGNATURE_ID               ; 29561914876.174923337010636            ; --            ; --          ; --         ;
; MAX_CORE_JUNCTION_TEMP              ; 85                                     ; --            ; --          ; --         ;
; MIN_CORE_JUNCTION_TEMP              ; 0                                      ; --            ; --          ; --         ;
; NOMINAL_CORE_SUPPLY_VOLTAGE         ; -- (Not supported for targeted family) ; --            ; --          ; --         ;
; PARTITION_COLOR                     ; -- (Not supported for targeted family) ; --            ; --          ; Top        ;
; PARTITION_FITTER_PRESERVATION_LEVEL ; -- (Not supported for targeted family) ; --            ; --          ; Top        ;
; PARTITION_NETLIST_TYPE              ; -- (Not supported for targeted family) ; --            ; --          ; Top        ;
; POWER_BOARD_THERMAL_MODEL           ; None (CONSERVATIVE)                    ; --            ; --          ; --         ;
; POWER_PRESET_COOLING_SOLUTION       ; 23 MM HEAT SINK WITH 200 LFPM AIRFLOW  ; --            ; --          ; --         ;
; PROJECT_OUTPUT_DIRECTORY            ; output_files                           ; --            ; --          ; --         ;
; VERILOG_INPUT_VERSION               ; SystemVerilog_2005                     ; Verilog_2001  ; --          ; --         ;
; VERILOG_SHOW_LMF_MAPPING_MESSAGES   ; Off                                    ; --            ; --          ; --         ;
+-------------------------------------+----------------------------------------+---------------+-------------+------------+


+--------------------------------------------------------------------------------------------------------------------------+
; Flow Elapsed Time                                                                                                        ;
+----------------------+--------------+-------------------------+---------------------+------------------------------------+
; Module Name          ; Elapsed Time ; Average Processors Used ; Peak Virtual Memory ; Total CPU Time (on all processors) ;
+----------------------+--------------+-------------------------+---------------------+------------------------------------+
; Analysis & Synthesis ; 00:00:51     ; 1.0                     ; 552 MB              ; 00:02:03                           ;
; Fitter               ; 00:02:06     ; 1.2                     ; 2271 MB             ; 00:04:54                           ;
; Assembler            ; 00:00:11     ; 1.0                     ; 528 MB              ; 00:00:11                           ;
; Timing Analyzer      ; 00:00:20     ; 1.8                     ; 1018 MB             ; 00:00:32                           ;
; EDA Netlist Writer   ; 00:00:01     ; 1.0                     ; 680 MB              ; 00:00:01                           ;
; EDA Netlist Writer   ; 00:00:01     ; 1.0                     ; 680 MB              ; 00:00:01                           ;
; EDA Netlist Writer   ; 00:00:01     ; 1.0                     ; 680 MB              ; 00:00:01                           ;
; EDA Netlist Writer   ; 00:00:03     ; 1.0                     ; 696 MB              ; 00:00:03                           ;
; EDA Netlist Writer   ; 00:00:02     ; 1.0                     ; 680 MB              ; 00:00:01                           ;
; EDA Netlist Writer   ; 00:00:04     ; 1.0                     ; 728 MB              ; 00:00:03                           ;
; Total                ; 00:03:40     ; --                      ; --                  ; 00:07:50                           ;
+----------------------+--------------+-------------------------+---------------------+------------------------------------+


+------------------------------------------------------------------------------------+
; Flow OS Summary                                                                    ;
+----------------------+------------------+------------+------------+----------------+
; Module Name          ; Machine Hostname ; OS Name    ; OS Version ; Processor type ;
+----------------------+------------------+------------+------------+----------------+
; Analysis & Synthesis ; carlos-B450M-DA  ; Linux Mint ; 22         ; x86_64         ;
; Fitter               ; carlos-B450M-DA  ; Linux Mint ; 22         ; x86_64         ;
; Assembler            ; carlos-B450M-DA  ; Linux Mint ; 22         ; x86_64         ;
; Timing Analyzer      ; carlos-B450M-DA  ; Linux Mint ; 22         ; x86_64         ;
; EDA Netlist Writer   ; carlos-B450M-DA  ; Linux Mint ; 22         ; x86_64         ;
; EDA Netlist Writer   ; carlos-B450M-DA  ; Linux Mint ; 22         ; x86_64         ;
; EDA Netlist Writer   ; carlos-B450M-DA  ; Linux Mint ; 22         ; x86_64         ;
; EDA Netlist Writer   ; carlos-B450M-DA  ; Linux Mint ; 22         ; x86_64         ;
; EDA Netlist Writer   ; carlos-B450M-DA  ; Linux Mint ; 22         ; x86_64         ;
; EDA Netlist Writer   ; carlos-B450M-DA  ; Linux Mint ; 22         ; x86_64         ;
+----------------------+------------------+------------+------------+----------------+


------------
; Flow Log ;
------------
quartus_map --read_settings_files=on --write_settings_files=off TopDE -c TopDE
quartus_fit --read_settings_files=off --write_settings_files=off TopDE -c TopDE
quartus_asm --read_settings_files=off --write_settings_files=off TopDE -c TopDE
quartus_sta TopDE -c TopDE
quartus_eda --gen_testbench --tool=modelsim_oem --format=verilog --write_settings_files=off TopDE -c TopDE --vector_source=/home/carlos/Downloads/Lab2/TopDE_restored/Waveform.vwf --testbench_file=/home/carlos/Downloads/Lab2/TopDE_restored/simulation/qsim/Waveform.vwf.vt
quartus_eda --gen_testbench --tool=modelsim_oem --format=verilog --write_settings_files=off TopDE -c TopDE --vector_source=/home/carlos/Downloads/Lab2/TopDE_restored/Waveform.vwf --testbench_file=/home/carlos/Downloads/Lab2/TopDE_restored/simulation/qsim/Waveform.vwf.vt
quartus_eda --gen_testbench --tool=modelsim_oem --format=verilog --write_settings_files=off TopDE -c TopDE --vector_source=/home/carlos/Downloads/Lab2/TopDE_restored/TopDE.vwf --testbench_file=/home/carlos/Downloads/Lab2/TopDE_restored/simulation/qsim/TopDE.vwf.vt
quartus_eda --write_settings_files=off --simulation=on --functional=on --flatten_buses=off --tool=modelsim_oem --format=verilog --output_directory=/home/carlos/Downloads/Lab2/TopDE_restored/simulation/qsim/ TopDE -c TopDE
quartus_eda --gen_testbench --tool=modelsim_oem --format=verilog --write_settings_files=off TopDE -c TopDE --vector_source=/home/carlos/Downloads/Lab2/TopDE_restored/TopDE.vwf --testbench_file=/home/carlos/Downloads/Lab2/TopDE_restored/simulation/qsim/TopDE.vwf.vt
quartus_eda --write_settings_files=off --simulation=on --functional=off --flatten_buses=off --timescale=1ps --tool=modelsim_oem --format=verilog --output_directory=/home/carlos/Downloads/Lab2/TopDE_restored/simulation/qsim/ TopDE -c TopDE



